<?xml version="1.0" encoding="UTF-8"?>
<!-- Generated by org.testng.reporters.JUnitXMLReporter -->
<testsuite hostname="hp" ignored="0" name="Test" tests="2" failures="0" timestamp="10 Oct 2019 15:24:25 GMT" time="79.344" errors="0">
  <testcase name="@BeforeTest beforetest" time="79.28" classname="BasePackage.BaseTest">
    <failure type="org.openqa.selenium.WebDriverException" message="newSession
Build info: version: &amp;apos;3.12.0&amp;apos;, revision: &amp;apos;7c6e0b3&amp;apos;, time: &amp;apos;2018-05-08T15:15:03.216Z&amp;apos;
System info: host: &amp;apos;HP&amp;apos;, ip: &amp;apos;192.168.48.1&amp;apos;, os.name: &amp;apos;Windows 8.1&amp;apos;, os.arch: &amp;apos;amd64&amp;apos;, os.version: &amp;apos;6.3&amp;apos;, java.version: &amp;apos;1.8.0_181&amp;apos;
Driver info: driver.version: FirefoxDriver
remote stacktrace: WebDriverError@chrome://marionette/content/error.js:175:5
UnknownCommandError@chrome://marionette/content/error.js:471:5
despatch@chrome://marionette/content/server.js:295:13
execute@chrome://marionette/content/server.js:275:16
onPacket/&amp;lt;@chrome://marionette/content/server.js:248:20
onPacket@chrome://marionette/content/server.js:249:9
_onJSONObjectReady/&amp;lt;@chrome://marionette/content/transport.js:503:20
">
      <![CDATA[org.openqa.selenium.WebDriverException: newSession
Build info: version: '3.12.0', revision: '7c6e0b3', time: '2018-05-08T15:15:03.216Z'
System info: host: 'HP', ip: '192.168.48.1', os.name: 'Windows 8.1', os.arch: 'amd64', os.version: '6.3', java.version: '1.8.0_181'
Driver info: driver.version: FirefoxDriver
remote stacktrace: WebDriverError@chrome://marionette/content/error.js:175:5
UnknownCommandError@chrome://marionette/content/error.js:471:5
despatch@chrome://marionette/content/server.js:295:13
execute@chrome://marionette/content/server.js:275:16
onPacket/<@chrome://marionette/content/server.js:248:20
onPacket@chrome://marionette/content/server.js:249:9
_onJSONObjectReady/<@chrome://marionette/content/transport.js:503:20

at org.openqa.selenium.remote.W3CHandshakeResponse.lambda$new$0(W3CHandshakeResponse.java:57)
at org.openqa.selenium.remote.W3CHandshakeResponse.lambda$getResponseFunction$2(W3CHandshakeResponse.java:104)
at org.openqa.selenium.remote.ProtocolHandshake.lambda$createSession$0(ProtocolHandshake.java:123)
at java.util.stream.ReferencePipeline$3$1.accept(Unknown Source)
at java.util.Spliterators$ArraySpliterator.tryAdvance(Unknown Source)
at java.util.stream.ReferencePipeline.forEachWithCancel(Unknown Source)
at java.util.stream.AbstractPipeline.copyIntoWithCancel(Unknown Source)
at java.util.stream.AbstractPipeline.copyInto(Unknown Source)
at java.util.stream.AbstractPipeline.wrapAndCopyInto(Unknown Source)
at java.util.stream.FindOps$FindOp.evaluateSequential(Unknown Source)
at java.util.stream.AbstractPipeline.evaluate(Unknown Source)
at java.util.stream.ReferencePipeline.findFirst(Unknown Source)
at org.openqa.selenium.remote.ProtocolHandshake.createSession(ProtocolHandshake.java:126)
at org.openqa.selenium.remote.ProtocolHandshake.createSession(ProtocolHandshake.java:73)
at org.openqa.selenium.remote.HttpCommandExecutor.execute(HttpCommandExecutor.java:136)
at org.openqa.selenium.remote.service.DriverCommandExecutor.execute(DriverCommandExecutor.java:83)
at org.openqa.selenium.remote.RemoteWebDriver.execute(RemoteWebDriver.java:543)
at org.openqa.selenium.remote.RemoteWebDriver.startSession(RemoteWebDriver.java:207)
at org.openqa.selenium.remote.RemoteWebDriver.<init>(RemoteWebDriver.java:130)
at org.openqa.selenium.firefox.FirefoxDriver.<init>(FirefoxDriver.java:125)
at org.openqa.selenium.firefox.FirefoxDriver.<init>(FirefoxDriver.java:103)
at BasePackage.BaseTest.beforetest(BaseTest.java:22)
... Removed 28 stack frames]]>
    </failure>
  </testcase> <!-- @BeforeTest beforetest -->
  <testcase name="logincreds" time="0.0" classname="BasePackage.BaseTest">
    <skipped/>
  </testcase> <!-- logincreds -->
  <testcase name="BigSearchBox_Search" time="0.0" classname="BasePackage.BigSearchBox">
    <skipped/>
  </testcase> <!-- BigSearchBox_Search -->
</testsuite> <!-- Test -->
